<?xml version="1.0" encoding="UTF-8"?>
<!-- Generated by org.testng.reporters.JUnitReportReporter -->
<testsuite hostname="LAPTOP-3SHIRIRS" failures="0" tests="2" name="Bai10_Annotations.DemoAnnotation" time="0.004" errors="0" timestamp="2025-07-02T20:13:52 ICT" skipped="1">
  <testcase classname="Bai10_Annotations.DemoAnnotation" name="testOneMethod" time="0.004"/>
  <testcase classname="Bai10_Annotations.DemoAnnotation" name="testTwoMethod">
    <skipped/>
  </testcase> <!-- testTwoMethod -->
</testsuite> <!-- Bai10_Annotations.DemoAnnotation -->
